{"level":"debug","time":"2020-12-14 10:21:41","file":"db/db.go:58","msg":"SELECT 1 FROM user WHERE email=? LIMIT 1","args":["wt1@com.co1m"]}
{"level":"debug","time":"2020-12-14 10:22:20","file":"db/db.go:58","msg":"SELECT 1 FROM user WHERE email=? LIMIT 1","args":["wt1@com.co1m"]}
{"level":"debug","time":"2020-12-14 10:22:26","file":"db/db.go:58","msg":"SELECT 1 FROM user WHERE email=? LIMIT 1","args":["wt1@com.co1m"]}
{"level":"debug","time":"2020-12-14 10:28:31","file":"db/db.go:58","msg":"SELECT 1 FROM user WHERE email=? LIMIT 1","args":["wt1@com.co1m"]}
{"level":"debug","time":"2020-12-14 10:28:31","file":"db/db.go:58","msg":"SELECT 1 FROM user WHERE email=? LIMIT 1","args":["wt1@com.co1m"]}
{"level":"debug","time":"2020-12-14 13:38:17","file":"db/db.go:58","msg":"SELECT name,email,phone FROM user WHERE email=? AND password=? LIMIT 1","args":["","d41d8cd98f00b204e9800998ecf8427e"]}
{"level":"debug","time":"2020-12-14 13:42:02","file":"db/db.go:58","msg":"SELECT name,email,phone FROM user WHERE email=? AND password=? LIMIT 1","args":["wt@com.com","e10adc3949ba59abbe56e057f20f883e"]}
{"level":"debug","time":"2020-12-14 13:42:39","file":"db/db.go:58","msg":"SELECT name,email,phone FROM user WHERE email=? AND password=? LIMIT 1","args":["wt@com.com","e10adc3949ba59abbe56e057f20f883e"]}
{"level":"debug","time":"2020-12-14 13:43:05","file":"db/db.go:58","msg":"SELECT name,email,phone FROM user WHERE email=? AND password=? LIMIT 1","args":["wt@com.com","aadc03fecca9b5cc2fd64b333cb0875e"]}
{"level":"debug","time":"2020-12-14 13:53:39","file":"db/db.go:58","msg":"SELECT name,email,phone FROM user WHERE email=? AND password=? LIMIT 1","args":["wt@com.com","aadc03fecca9b5cc2fd64b333cb0875e"]}
{"level":"debug","time":"2020-12-14 13:53:46","file":"db/db.go:58","msg":"SELECT name,email,phone FROM user WHERE email=? AND password=? LIMIT 1","args":["wt@com.com","aadc03fecca9b5cc2fd64b333cb0875e"]}
{"level":"debug","time":"2020-12-14 13:53:55","file":"db/db.go:58","msg":"SELECT name,email,phone FROM user WHERE email=? AND password=? LIMIT 1","args":["wt@com.com","e10adc3949ba59abbe56e057f20f883e"]}
{"level":"debug","time":"2020-12-14 13:55:43","file":"db/db.go:58","msg":"SELECT name,email,phone FROM user WHERE email=? AND password=? LIMIT 1","args":["wt@com.com","e10adc3949ba59abbe56e057f20f883e"]}
{"level":"debug","time":"2020-12-14 13:56:54","file":"db/db.go:58","msg":"SELECT name,email,phone FROM user WHERE email=? AND password=? LIMIT 1","args":["wt@com.com","e10adc3949ba59abbe56e057f20f883e"]}
{"level":"debug","time":"2020-12-15 13:49:50","file":"db/db.go:58","msg":"SELECT 1 FROM user WHERE email=? LIMIT 1","args":["jhon@gmail.com"]}
{"level":"debug","time":"2020-12-15 13:49:50","file":"db/db.go:67","msg":"INSERT INTO user (password,name,email,phone,created_at,updated_at) VALUES(?,?,?,?,?,?)"}
{"level":"debug","time":"2020-12-15 13:50:07","file":"db/db.go:58","msg":"SELECT 1 FROM user WHERE email=? LIMIT 1","args":["jhon@gmail.com"]}
{"level":"debug","time":"2020-12-15 13:50:16","file":"db/db.go:58","msg":"SELECT 1 FROM user WHERE email=? LIMIT 1","args":["jhon@gmail.com"]}
{"level":"debug","time":"2020-12-15 13:50:19","file":"db/db.go:58","msg":"SELECT 1 FROM user WHERE email=? LIMIT 1","args":["jhon@gmail.com"]}
{"level":"debug","time":"2020-12-15 13:50:21","file":"db/db.go:58","msg":"SELECT 1 FROM user WHERE email=? LIMIT 1","args":["jhon@gmail.com"]}
{"level":"debug","time":"2020-12-15 14:48:04","file":"db/db.go:58","msg":"SELECT name,email,phone FROM user WHERE email=? AND password=? LIMIT 1","args":["jhon@gmail.com","e10adc3949ba59abbe56e057f20f883e"]}
{"level":"debug","time":"2020-12-15 14:48:40","file":"db/db.go:58","msg":"SELECT 1 FROM user WHERE email=? LIMIT 1","args":["jhon@gmail.com"]}
{"level":"debug","time":"2020-12-15 14:48:45","file":"db/db.go:58","msg":"SELECT 1 FROM user WHERE email=? LIMIT 1","args":["jhon1@gmail.com"]}
{"level":"debug","time":"2020-12-15 14:48:45","file":"db/db.go:67","msg":"INSERT INTO user (password,name,email,phone,created_at,updated_at) VALUES(?,?,?,?,?,?)"}
{"level":"debug","time":"2020-12-15 14:57:45","file":"db/db.go:58","msg":"SELECT name,email,phone FROM user WHERE email=? AND password=? LIMIT 1","args":["wt@com.com","e10adc3949ba59abbe56e057f20f883e"]}
{"level":"debug","time":"2020-12-15 15:02:52","file":"db/db.go:58","msg":"SELECT name,email,phone FROM user WHERE email=? AND password=? LIMIT 1","args":["wt@com.com","e10adc3949ba59abbe56e057f20f883e"]}
{"level":"debug","time":"2020-12-15 15:13:53","file":"db/db.go:58","msg":"SELECT name,email,phone FROM user WHERE email=? AND password=? LIMIT 1","args":["wt@com.com","e10adc3949ba59abbe56e057f20f883e"]}
{"level":"debug","time":"2020-12-15 15:13:58","file":"db/db.go:58","msg":"SELECT name,email,phone FROM user WHERE email=? AND password=? LIMIT 1","args":["wt@com.com","e10adc3949ba59abbe56e057f20f883e"]}
{"level":"debug","time":"2020-12-15 15:14:02","file":"db/db.go:58","msg":"SELECT name,email,phone FROM user WHERE email=? AND password=? LIMIT 1","args":["wt@com.com","e10adc3949ba59abbe56e057f20f883e"]}
{"level":"debug","time":"2020-12-15 15:14:05","file":"db/db.go:58","msg":"SELECT name,email,phone FROM user WHERE email=? AND password=? LIMIT 1","args":["wt@com.com","e10adc3949ba59abbe56e057f20f883e"]}
{"level":"debug","time":"2020-12-15 15:19:05","file":"db/db.go:58","msg":"SELECT name,email,phone FROM user WHERE email=? AND password=? LIMIT 1","args":["wt@com.com","e10adc3949ba59abbe56e057f20f883e"]}
{"level":"debug","time":"2020-12-15 15:20:41","file":"db/db.go:58","msg":"SELECT name,email,phone FROM user WHERE email=? AND password=? LIMIT 1","args":["wt@com.com","e10adc3949ba59abbe56e057f20f883e"]}
{"level":"debug","time":"2020-12-15 16:16:09","file":"db/db.go:67","msg":"UPDATE user SET phone=?, name=? WHERE id=?"}
{"level":"debug","time":"2020-12-15 16:19:53","file":"db/db.go:67","msg":"UPDATE user SET phone=?, name=? WHERE id=?"}
{"level":"debug","time":"2020-12-15 16:20:57","file":"db/db.go:67","msg":"UPDATE user SET phone=?, name=? WHERE id=?"}
{"level":"debug","time":"2020-12-15 16:21:58","file":"db/db.go:67","msg":"UPDATE user SET phone=?, name=? WHERE id=?"}
{"level":"debug","time":"2020-12-15 16:22:14","file":"db/db.go:67","msg":"UPDATE user SET phone=?, name=? WHERE id=?"}
{"level":"debug","time":"2020-12-15 16:22:38","file":"db/db.go:67","msg":"UPDATE user SET phone=?, name=? WHERE id=?"}
{"level":"debug","time":"2020-12-15 16:24:07","file":"db/db.go:67","msg":"UPDATE user SET phone=?, name=? WHERE id=7"}
{"level":"debug","time":"2020-12-15 16:25:07","file":"db/db.go:67","msg":"UPDATE user SET phone=?, name=? WHERE id=7"}
{"level":"debug","time":"2020-12-15 16:25:19","file":"db/db.go:67","msg":"UPDATE user SET phone=?, name=? WHERE id=7"}
{"level":"debug","time":"2020-12-15 16:25:33","file":"db/db.go:67","msg":"UPDATE user SET phone=?, name=? WHERE id=71"}
{"level":"debug","time":"2020-12-15 16:25:54","file":"db/db.go:67","msg":"UPDATE user SET phone=?, name=? WHERE id=7"}
{"level":"debug","time":"2020-12-15 16:25:54","file":"db/db.go:67","msg":"UPDATE user SET phone=?, name=? WHERE id=7"}
{"level":"debug","time":"2020-12-15 16:25:55","file":"db/db.go:67","msg":"UPDATE user SET phone=?, name=? WHERE id=7"}
{"level":"debug","time":"2020-12-15 17:31:30","file":"db/db.go:67","msg":"UPDATE user SET name = ? "}
{"level":"debug","time":"2020-12-15 18:09:43","file":"db/db.go:67","msg":"UPDATE user SET name =?"}
{"level":"debug","time":"2020-12-15 18:10:10","file":"db/db.go:67","msg":"UPDATE user SET name =?"}
{"level":"debug","time":"2020-12-15 18:11:05","file":"db/db.go:67","msg":"UPDATE user SET name =?"}
{"level":"debug","time":"2020-12-15 18:16:39","file":"db/db.go:67","msg":"UPDATE user SET name =? WHERE id =?"}
{"level":"debug","time":"2020-12-15 18:16:49","file":"db/db.go:67","msg":"UPDATE user SET name =? WHERE id =?"}
{"level":"debug","time":"2020-12-15 18:20:46","file":"db/db.go:67","msg":"UPDATE user SET name =? WHERE id =?"}
{"level":"debug","time":"2020-12-15 18:21:15","file":"db/db.go:67","msg":"UPDATE user SET name =? WHERE id =?"}
{"level":"debug","time":"2020-12-15 18:22:12","file":"db/db.go:67","msg":"UPDATE user SET name =? WHERE id =?"}
{"level":"debug","time":"2020-12-15 18:23:41","file":"db/db.go:67","msg":"UPDATE user SET name =? WHERE id =?"}
{"level":"debug","time":"2020-12-15 18:23:59","file":"db/db.go:67","msg":"UPDATE user SET name =? WHERE id =?"}
{"level":"debug","time":"2020-12-16 09:45:31","file":"db/db.go:67","msg":"UPDATE user SET name =? WHERE id =?"}
{"level":"debug","time":"2020-12-16 09:46:59","file":"db/db.go:67","msg":"UPDATE user SET name =? WHERE id =?"}
{"level":"debug","time":"2020-12-16 09:50:40","file":"db/db.go:67","msg":"UPDATE user SET name =? WHERE id =?"}
{"level":"debug","time":"2020-12-16 09:50:59","file":"db/db.go:67","msg":"UPDATE user SET name =? WHERE id =?"}
{"level":"debug","time":"2020-12-16 09:51:47","file":"db/db.go:67","msg":"UPDATE user SET name =? WHERE id =?"}
{"level":"debug","time":"2020-12-16 09:57:48","file":"db/db.go:67","msg":"UPDATE user SET name =? WHERE id =?"}
{"level":"debug","time":"2020-12-16 10:01:51","file":"db/db.go:67","msg":"UPDATE user SET name =? WHERE id =?"}
{"level":"debug","time":"2020-12-16 10:02:37","file":"db/db.go:67","msg":"UPDATE user SET name =? WHERE id =?"}
{"level":"debug","time":"2020-12-16 10:07:12","file":"db/db.go:67","msg":"UPDATE user SET name =? WHERE id =?"}
{"level":"debug","time":"2020-12-16 10:07:21","file":"db/db.go:67","msg":"UPDATE user SET name =? WHERE id =?"}
{"level":"debug","time":"2020-12-16 10:08:59","file":"db/db.go:67","msg":"UPDATE user SET name =? WHERE id =?"}
{"level":"debug","time":"2020-12-16 10:14:54","file":"db/db.go:67","msg":"UPDATE user SET name =?,phone =? WHERE id =?"}
{"level":"debug","time":"2020-12-16 10:17:56","file":"db/db.go:67","msg":"UPDATE user SET name =? WHERE id =?"}
{"level":"debug","time":"2020-12-16 10:18:00","file":"db/db.go:67","msg":"UPDATE user SET name =? WHERE id =?"}
{"level":"debug","time":"2020-12-16 10:54:11","file":"db/db.go:67","msg":"DELETE FROM user WHERE id =?"}
{"level":"debug","time":"2020-12-16 15:28:45","file":"db/db.go:58","msg":"SELECT name,email,phone FROM user WHERE email=? AND password=? LIMIT 1","args":["wt@com.com","e10adc3949ba59abbe56e057f20f883e"]}
{"level":"debug","time":"2020-12-16 16:30:28","file":"db/db.go:67","msg":"SELECT * FROM user WHERE name =?"}
{"level":"debug","time":"2020-12-16 16:31:12","file":"db/db.go:67","msg":"SELECT * FROM user WHERE name =?"}
{"level":"debug","time":"2020-12-16 16:31:17","file":"db/db.go:67","msg":"SELECT * FROM user WHERE name =?"}
{"level":"debug","time":"2020-12-16 16:31:21","file":"db/db.go:67","msg":"SELECT * FROM user WHERE name =?"}
{"level":"debug","time":"2020-12-16 16:31:29","file":"db/db.go:67","msg":"SELECT * FROM user WHERE name =?"}
{"level":"debug","time":"2020-12-16 16:31:36","file":"db/db.go:67","msg":"SELECT * FROM user WHERE name =?"}
{"level":"debug","time":"2020-12-16 16:31:53","file":"db/db.go:67","msg":"SELECT * FROM user WHERE name =?"}
{"level":"debug","time":"2020-12-16 16:32:03","file":"db/db.go:67","msg":"SELECT * FROM user WHERE name =?"}
{"level":"debug","time":"2020-12-16 16:34:10","file":"db/db.go:67","msg":"SELECT * FROM user WHERE name =?"}
{"level":"debug","time":"2020-12-16 17:04:13","file":"db/db.go:67","msg":"SELECT * FROM user WHERE name =?"}
{"level":"debug","time":"2020-12-16 17:07:10","file":"db/db.go:67","msg":"SELECT * FROM user WHERE name =? AND phone =?"}
{"level":"debug","time":"2020-12-16 17:23:53","file":"db/db.go:67","msg":"SELECT * FROM user WHERE name =? AND phone =?"}
{"level":"debug","time":"2020-12-16 17:24:10","file":"db/db.go:67","msg":"SELECT * FROM user WHERE name =? AND phone =?"}
{"level":"debug","time":"2020-12-16 17:24:12","file":"db/db.go:67","msg":"SELECT * FROM user WHERE name =? AND phone =?"}
{"level":"debug","time":"2020-12-16 17:26:05","file":"db/db.go:67","msg":"SELECT * FROM user WHERE name =? AND phone =?"}
{"level":"debug","time":"2020-12-16 17:28:21","file":"db/db.go:67","msg":"SELECT * FROM user WHERE name =? AND phone =?"}
{"level":"debug","time":"2020-12-16 17:28:27","file":"db/db.go:67","msg":"SELECT * FROM user WHERE name =? AND phone =?"}
{"level":"debug","time":"2020-12-16 17:28:37","file":"db/db.go:67","msg":"SELECT * FROM user WHERE name =? AND phone =?"}
{"level":"debug","time":"2020-12-16 17:38:09","file":"db/db.go:67","msg":"SELECT * FROM user WHERE name =? AND phone =?"}
{"level":"debug","time":"2020-12-16 17:38:21","file":"db/db.go:67","msg":"SELECT * FROM user WHERE name =? AND phone =?"}
{"level":"debug","time":"2020-12-16 17:38:35","file":"db/db.go:67","msg":"SELECT * FROM user WHERE name =? AND phone =? LIMIT 1 OFFSET 1"}
{"level":"debug","time":"2020-12-16 18:12:34","file":"db/db.go:67","msg":"SELECT * FROM user WHERE name =? AND phone =? LIMIT 1 OFFSET 0"}
{"level":"debug","time":"2020-12-16 18:12:56","file":"db/db.go:67","msg":"SELECT * FROM user WHERE name =? AND phone =? LIMIT 1 OFFSET 10"}
{"level":"debug","time":"2020-12-16 18:23:48","file":"db/db.go:67","msg":"SELECT * FROM user  LIMIT 1 OFFSET 10"}
{"level":"debug","time":"2020-12-16 18:23:59","file":"db/db.go:67","msg":"SELECT * FROM user  LIMIT 1 OFFSET 0"}
{"level":"debug","time":"2020-12-16 18:27:20","file":"db/db.go:67","msg":"SELECT * FROM user WHERE name =? LIMIT 1 OFFSET 0"}
{"level":"debug","time":"2020-12-16 18:27:42","file":"db/db.go:67","msg":"SELECT * FROM user  LIMIT 1 OFFSET 0"}
